<?xml version="1.0" encoding="UTF-8"?>
<robot generator="Robot 3.1.1 (Python 3.6.5 on darwin)" generated="20190404 01:11:13.172" rpa="false">
<suite id="s1" name="Test Searching" source="/Users/tengwenna/test_searching.robot">
<test id="s1-t1" name="Open the Google page and search Versa">
<kw name="Open google page" library="test_actions">
<kw name="Open Browser" library="Selenium2Library">
<doc>Opens a new browser instance to the given ``url``.</doc>
<arguments>
<arg>${google_url}</arg>
<arg>${browser}</arg>
</arguments>
<msg timestamp="20190404 01:11:13.495" level="INFO">Opening browser 'chrome' to base url 'http://www.google.com/'.</msg>
<status status="PASS" starttime="20190404 01:11:13.495" endtime="20190404 01:11:17.205"></status>
</kw>
<kw name="Maximize Browser Window" library="Selenium2Library">
<doc>Maximizes current browser window.</doc>
<status status="PASS" starttime="20190404 01:11:17.206" endtime="20190404 01:11:17.346"></status>
</kw>
<kw name="Set Selenium Speed" library="Selenium2Library">
<doc>Sets the delay that is waited after each Selenium command.</doc>
<arguments>
<arg>${sel_speed}</arg>
</arguments>
<status status="PASS" starttime="20190404 01:11:17.346" endtime="20190404 01:11:17.346"></status>
</kw>
<kw name="Title Should Be" library="Selenium2Library">
<doc>Verifies that current page title equals ``title``.</doc>
<arguments>
<arg>Google</arg>
</arguments>
<msg timestamp="20190404 01:11:18.357" level="INFO">Page title is 'Google'.</msg>
<status status="PASS" starttime="20190404 01:11:17.347" endtime="20190404 01:11:18.357"></status>
</kw>
<status status="PASS" starttime="20190404 01:11:13.495" endtime="20190404 01:11:18.358"></status>
</kw>
<kw name="Input keyword to search" library="test_actions">
<arguments>
<arg>Versa networks</arg>
</arguments>
<kw name="Input Text" library="Selenium2Library">
<doc>Types the given ``text`` into text field identified by ``locator``.</doc>
<arguments>
<arg>q</arg>
<arg>${search}</arg>
</arguments>
<msg timestamp="20190404 01:11:18.360" level="INFO">Typing text 'Versa networks' into text field 'q'.</msg>
<status status="PASS" starttime="20190404 01:11:18.359" endtime="20190404 01:11:21.586"></status>
</kw>
<status status="PASS" starttime="20190404 01:11:18.358" endtime="20190404 01:11:21.586"></status>
</kw>
<kw name="Click search button" library="test_actions">
<kw name="Click Button" library="Selenium2Library">
<doc>Clicks button identified by ``locator``.</doc>
<arguments>
<arg>btnK</arg>
</arguments>
<msg timestamp="20190404 01:11:21.589" level="INFO">Clicking button 'btnK'.</msg>
<status status="PASS" starttime="20190404 01:11:21.588" endtime="20190404 01:11:27.201"></status>
</kw>
<status status="PASS" starttime="20190404 01:11:21.587" endtime="20190404 01:11:27.201"></status>
</kw>
<status status="PASS" starttime="20190404 01:11:13.494" endtime="20190404 01:11:27.202" critical="yes"></status>
</test>
<test id="s1-t2" name="Open the hitted versa site">
<kw name="Click the versa site link" library="test_actions">
<kw name="Click Link" library="Selenium2Library">
<doc>Clicks a link identified by ``locator``.</doc>
<arguments>
<arg>https://www.versa-networks.com/</arg>
</arguments>
<msg timestamp="20190404 01:11:27.208" level="INFO">Clicking link 'https://www.versa-networks.com/'.</msg>
<status status="PASS" starttime="20190404 01:11:27.207" endtime="20190404 01:11:41.463"></status>
</kw>
<status status="PASS" starttime="20190404 01:11:27.206" endtime="20190404 01:11:41.463"></status>
</kw>
<kw name="Versa site link should open" library="test_actions">
<kw name="Title Should Be" library="Selenium2Library">
<doc>Verifies that current page title equals ``title``.</doc>
<arguments>
<arg>(Software Defined) SD-WAN &amp; SD-Security Companies | Versa Networks</arg>
</arguments>
<msg timestamp="20190404 01:11:42.480" level="INFO">Page title is '(Software Defined) SD-WAN &amp; SD-Security Companies | Versa Networks'.</msg>
<status status="PASS" starttime="20190404 01:11:41.464" endtime="20190404 01:11:42.480"></status>
</kw>
<status status="PASS" starttime="20190404 01:11:41.464" endtime="20190404 01:11:42.480"></status>
</kw>
<kw name="Close Browser" library="Selenium2Library" type="teardown">
<doc>Closes the current browser.</doc>
<status status="PASS" starttime="20190404 01:11:42.481" endtime="20190404 01:11:43.681"></status>
</kw>
<status status="PASS" starttime="20190404 01:11:27.205" endtime="20190404 01:11:43.681" critical="yes"></status>
</test>
<doc>Sample of using google to search versa</doc>
<status status="PASS" starttime="20190404 01:11:13.174" endtime="20190404 01:11:43.685"></status>
</suite>
<statistics>
<total>
<stat pass="2" fail="0">Critical Tests</stat>
<stat pass="2" fail="0">All Tests</stat>
</total>
<tag>
</tag>
<suite>
<stat pass="2" fail="0" id="s1" name="Test Searching">Test Searching</stat>
</suite>
</statistics>
<errors>
</errors>
</robot>
