<?xml version="1.0" encoding="UTF-8"?>
<robot generator="Robot 3.1.1 (Python 3.6.5 on darwin)" generated="20190404 17:34:58.950" rpa="false">
<suite id="s1" name="Test Vrrp" source="/Users/tengwenna/tests/vrrp/test_vrrp.robot">
<test id="s1-t1" name="1__VRRP ACT STATUS CHECK">
<kw name="Open Connection And log In Active">
<kw name="Open Connection" library="SSHLibrary">
<doc>Opens a new SSH connection to the given ``host`` and ``port``.</doc>
<arguments>
<arg>${HOST_ACT}</arg>
</arguments>
<status status="PASS" starttime="20190404 17:34:59.075" endtime="20190404 17:34:59.076"></status>
</kw>
<kw name="Login" library="SSHLibrary">
<doc>Logs into the SSH server with the given ``username`` and ``password``.</doc>
<arguments>
<arg>${USERNAME}</arg>
<arg>${PASSWORD}</arg>
</arguments>
<msg timestamp="20190404 17:34:59.076" level="INFO">Logging into '10.64.32.109:22' as 'admin'.</msg>
<msg timestamp="20190404 17:35:00.269" level="INFO">Read output:              .---.,
            (      ``.
       _     \        )    __      ________ _____   _____
      (  `.   \      /     \ \    / /  ____|  __ \ / ____|  /\
       \    `. )    /       \ \  / /| |__  | |__) | (___   /  \
        \     |    /         \ \/ / |  __| |  _  / \___ \ / /\ \
         \    |   /           \  /  | |____| | \ \ ____) / ____ \
          \   |  /             \/   |______|_|  \_\_____/_/    \_\
           \  | /
            \_|/                     ___ _    _____  ___   ___  _ ___
                                    | __| |  | __\ \/ | \ / / \| | __|
                                    | _|| |__| _| &gt;  &lt; \ V /| .` | _|
                                    |_| |____|___/_/\_\ \_/ |_|\_|_|


Versa FlexVNF software
Release     :	16.1R2 (S2.2)
Release date:	20181217
Package ID  :	ee17fc4	

Last login: Thu Apr  4 17:31:42 2019 from 10.64.155.37
[admin@NS-RegA-03a-Smex: ~] $</msg>
<status status="PASS" starttime="20190404 17:34:59.076" endtime="20190404 17:35:00.269"></status>
</kw>
<status status="PASS" starttime="20190404 17:34:59.075" endtime="20190404 17:35:00.269"></status>
</kw>
<kw name="Versa cli Login">
<doc>Get into cli</doc>
<kw name="Write" library="SSHLibrary">
<doc>Writes the given ``text`` on the remote machine and appends a newline.</doc>
<arguments>
<arg>cli</arg>
</arguments>
<msg timestamp="20190404 17:35:00.290" level="INFO">cli</msg>
<status status="PASS" starttime="20190404 17:35:00.271" endtime="20190404 17:35:00.290"></status>
</kw>
<kw name="Read" library="SSHLibrary">
<doc>Consumes and returns everything available on the server output.</doc>
<arguments>
<arg>delay=3s</arg>
</arguments>
<assign>
<var>${std_output}</var>
</assign>
<msg timestamp="20190404 17:35:03.293" level="INFO">.---.,
            (      ``.
       _     \        )    __      ________ _____   _____
      (  `.   \      /     \ \    / /  ____|  __ \ / ____|  /\
       \    `. )    /       \ \  / /| |__  | |__) | (___   /  \
        \     |    /         \ \/ / |  __| |  _  / \___ \ / /\ \
         \    |   /           \  /  | |____| | \ \ ____) / ____ \
          \   |  /             \/   |______|_|  \_\_____/_/    \_\
           \  | /
            \_|/                   _  _ ___ _______      _____  ___ _  _____
                                  | \| | __|_   _\ \    / / _ \| _ \ |/ / __|
                                  | .` | _|  | |  \ \/\/ / (_) |   / ' &lt;\__ \
                                  |_|\_|___| |_|   \_/\_/ \___/|_|_\_|\_\___/



admin connected from 10.64.155.56 using ssh on NS-RegA-03a-Smex
[?7hadmin@NS-RegA-03a-Smex-cli&gt;</msg>
<msg timestamp="20190404 17:35:03.293" level="INFO">${std_output} = 

             .---.,
            (      ``.
       _     \        )    __      ________ _____   _____
      (  `.   \      /     \ \    / /  ____|  __ \ / ____|  /\
       \    `. )    /       ...</msg>
<status status="PASS" starttime="20190404 17:35:00.290" endtime="20190404 17:35:03.293"></status>
</kw>
<kw name="Should Contain" library="BuiltIn">
<doc>Fails if ``container`` does not contain ``item`` one or more times.</doc>
<arguments>
<arg>${std_output}</arg>
<arg>admin connected from</arg>
</arguments>
<status status="PASS" starttime="20190404 17:35:03.294" endtime="20190404 17:35:03.294"></status>
</kw>
<status status="PASS" starttime="20190404 17:35:00.270" endtime="20190404 17:35:03.294"></status>
</kw>
<kw name="VRRP Active Status Check">
<doc>Check Vrrp Active State</doc>
<kw name="Write" library="SSHLibrary">
<doc>Writes the given ``text`` on the remote machine and appends a newline.</doc>
<arguments>
<arg>show vrrp | nomore</arg>
</arguments>
<msg timestamp="20190404 17:35:03.414" level="INFO">show vrrp | nomore</msg>
<status status="PASS" starttime="20190404 17:35:03.295" endtime="20190404 17:35:03.414"></status>
</kw>
<kw name="Read" library="SSHLibrary">
<doc>Consumes and returns everything available on the server output.</doc>
<arguments>
<arg>delay=3s</arg>
</arguments>
<assign>
<var>${std_output}</var>
</assign>
<msg timestamp="20190404 17:35:06.420" level="INFO">VRRP version                       : v3        
    IPv4 checksum with pseudo headers  : Disabled  
    Virtual routers (Active:Total)     : 1:1       
    Track interfaces count             : 0         
    Track routes count                 : 0         
    System redundancy state            : Active         
    MAC address mode                   : virtual        
VRRP Global Statistics:
    Packets Received               : 0         
    Packets Sent                   : 2000      
    Invalid Packet Length          : 0         
    Invalid Desitination Address   : 0         
    Invalid IP Protocol            : 0         
    Invalid Virtual Router ID      : 0         
    Incorrect Checksum             : 0         

                 GROUP                              PRIORITY
INTERFACE        ID       TNT STATE      MODE       CONF(CURR)   TYPE     IP Address
---------------- -------- --- ---------- ---------- ------------ -------- -------------------
vni-0/2.0        1        2   Master     Active     200(200)     Primary  172.16.30.253
                                                                 Virtual  172.16.30.254
vrrp group org NS-RegA
                 GROUP                          PRIORITY
INTERFACE        ID       STATE      MODE       CONF(CURR)   TYPE     IP Address
---------------- -------- ---------- ---------- ------------ -------- -------------------
vni-0/2.0        1        Master     Active     200(200)     Primary  172.16.30.253
                                                             Virtual  172.16.30.254

Interface: vni-0/2.0, IfIndex: 5, Primary Address: 172.16.30.253
VrId: 1, Previous State: Backup, Current State: Master
Configured priority: 200, Current priority: 200 
Advertisement interval: 1000, Threshold: 3 
Track priority hold interval: 10, Warmup interval: 30
Skew time: 0, Preempt: Enabled, Accept data: Enabled
Org: NS-RegA, Mode: Active
Redundancy slave priority cost: 100
Virtual address count: 1
172.16.30.254

Track interface: Disabled
Track route: Disabled

VRRP Group Stats:
    Became Master                : 1         
    Advertisement Received       : 0         
    Advertisement Sent           : 1999      
    Invalid Checksum             : 0         
    Invalid Version              : 0         
    Invalid Advertise Interval   : 0         
    Invalid TTL                  : 0         
    Invalid Pkts Received        : 0         
    Invalid Virtual IP Addr List : 0         
    IP Count Mismatch            : 0         
    Zero Pri Pkts Received       : 0         
    Zero Pri Pkts Sent           : 0         
    Equal Pri Pkts Received      : 0         
    Lower Pri Pkts Received      : 0         
    Higher Pri Pkts Received     : 0         
    Owner Pri Error              : 0         
    Invalid State                : 0         
    Inherit Mode Pkts Received   : 0         
    Track Interface Lookup Error : 0         
    Track Route Lookup Error     : 0         

[ok][2019-04-04 17:35:30]
admin@NS-RegA-03a-Smex-cli&gt;</msg>
<msg timestamp="20190404 17:35:06.420" level="INFO">${std_output} =     VRRP version                       : v3        
    IPv4 checksum with pseudo headers  : Disabled  
    Virtual routers (Active:Total)     : 1:1       
    Track interfaces count             : ...</msg>
<status status="PASS" starttime="20190404 17:35:03.414" endtime="20190404 17:35:06.420"></status>
</kw>
<kw name="Should Contain" library="BuiltIn">
<doc>Fails if ``container`` does not contain ``item`` one or more times.</doc>
<arguments>
<arg>${std_output}</arg>
<arg>Master</arg>
<arg>Active</arg>
<arg>200(200)</arg>
<arg>Primary</arg>
</arguments>
<status status="PASS" starttime="20190404 17:35:06.421" endtime="20190404 17:35:06.421"></status>
</kw>
<status status="PASS" starttime="20190404 17:35:03.295" endtime="20190404 17:35:06.422"></status>
</kw>
<tags>
<tag>Teng</tag>
</tags>
<status status="PASS" starttime="20190404 17:34:59.074" endtime="20190404 17:35:06.423" critical="yes"></status>
</test>
<test id="s1-t2" name="2__VRRP SBY STATUS CHECK">
<kw name="Open Connection And log In Standby">
<kw name="Open Connection" library="SSHLibrary">
<doc>Opens a new SSH connection to the given ``host`` and ``port``.</doc>
<arguments>
<arg>${HOST_SBY}</arg>
</arguments>
<status status="PASS" starttime="20190404 17:35:06.425" endtime="20190404 17:35:06.426"></status>
</kw>
<kw name="Login" library="SSHLibrary">
<doc>Logs into the SSH server with the given ``username`` and ``password``.</doc>
<arguments>
<arg>${USERNAME}</arg>
<arg>${PASSWORD}</arg>
</arguments>
<msg timestamp="20190404 17:35:06.426" level="INFO">Logging into '10.64.32.110:22' as 'admin'.</msg>
<msg timestamp="20190404 17:35:07.606" level="INFO">Read output:              .---.,
            (      ``.
       _     \        )    __      ________ _____   _____
      (  `.   \      /     \ \    / /  ____|  __ \ / ____|  /\
       \    `. )    /       \ \  / /| |__  | |__) | (___   /  \
        \     |    /         \ \/ / |  __| |  _  / \___ \ / /\ \
         \    |   /           \  /  | |____| | \ \ ____) / ____ \
          \   |  /             \/   |______|_|  \_\_____/_/    \_\
           \  | /
            \_|/                     ___ _    _____  ___   ___  _ ___
                                    | __| |  | __\ \/ | \ / / \| | __|
                                    | _|| |__| _| &gt;  &lt; \ V /| .` | _|
                                    |_| |____|___/_/\_\ \_/ |_|\_|_|


Versa FlexVNF software
Release     :	16.1R2 (S2.2)
Release date:	20181217
Package ID  :	ee17fc4	

Last login: Thu Apr  4 01:31:44 2019 from 10.64.155.37
[admin@NS-RegA-03b-Smex: ~] $</msg>
<status status="PASS" starttime="20190404 17:35:06.426" endtime="20190404 17:35:07.607"></status>
</kw>
<status status="PASS" starttime="20190404 17:35:06.424" endtime="20190404 17:35:07.607"></status>
</kw>
<kw name="Versa cli Login">
<doc>Get into cli</doc>
<kw name="Write" library="SSHLibrary">
<doc>Writes the given ``text`` on the remote machine and appends a newline.</doc>
<arguments>
<arg>cli</arg>
</arguments>
<msg timestamp="20190404 17:35:07.624" level="INFO">cli</msg>
<status status="PASS" starttime="20190404 17:35:07.608" endtime="20190404 17:35:07.624"></status>
</kw>
<kw name="Read" library="SSHLibrary">
<doc>Consumes and returns everything available on the server output.</doc>
<arguments>
<arg>delay=3s</arg>
</arguments>
<assign>
<var>${std_output}</var>
</assign>
<msg timestamp="20190404 17:35:10.625" level="INFO">.---.,
            (      ``.
       _     \        )    __      ________ _____   _____
      (  `.   \      /     \ \    / /  ____|  __ \ / ____|  /\
       \    `. )    /       \ \  / /| |__  | |__) | (___   /  \
        \     |    /         \ \/ / |  __| |  _  / \___ \ / /\ \
         \    |   /           \  /  | |____| | \ \ ____) / ____ \
          \   |  /             \/   |______|_|  \_\_____/_/    \_\
           \  | /
            \_|/                   _  _ ___ _______      _____  ___ _  _____
                                  | \| | __|_   _\ \    / / _ \| _ \ |/ / __|
                                  | .` | _|  | |  \ \/\/ / (_) |   / ' &lt;\__ \
                                  |_|\_|___| |_|   \_/\_/ \___/|_|_\_|\_\___/



admin connected from 10.64.155.56 using ssh on NS-RegA-03b-Smex
[?7hadmin@NS-RegA-03b-Smex-cli&gt;</msg>
<msg timestamp="20190404 17:35:10.626" level="INFO">${std_output} = 

             .---.,
            (      ``.
       _     \        )    __      ________ _____   _____
      (  `.   \      /     \ \    / /  ____|  __ \ / ____|  /\
       \    `. )    /       ...</msg>
<status status="PASS" starttime="20190404 17:35:07.624" endtime="20190404 17:35:10.626"></status>
</kw>
<kw name="Should Contain" library="BuiltIn">
<doc>Fails if ``container`` does not contain ``item`` one or more times.</doc>
<arguments>
<arg>${std_output}</arg>
<arg>admin connected from</arg>
</arguments>
<status status="PASS" starttime="20190404 17:35:10.626" endtime="20190404 17:35:10.627"></status>
</kw>
<status status="PASS" starttime="20190404 17:35:07.608" endtime="20190404 17:35:10.627"></status>
</kw>
<kw name="VRRP Standby Status Check">
<doc>Check Vrrp Standby State</doc>
<kw name="Write" library="SSHLibrary">
<doc>Writes the given ``text`` on the remote machine and appends a newline.</doc>
<arguments>
<arg>show vrrp | nomore</arg>
</arguments>
<msg timestamp="20190404 17:35:10.735" level="INFO">show vrrp | nomore</msg>
<status status="PASS" starttime="20190404 17:35:10.628" endtime="20190404 17:35:10.735"></status>
</kw>
<kw name="Read" library="SSHLibrary">
<doc>Consumes and returns everything available on the server output.</doc>
<arguments>
<arg>delay=3s</arg>
</arguments>
<assign>
<var>${std_output}</var>
</assign>
<msg timestamp="20190404 17:35:13.741" level="INFO">VRRP version                       : v3        
    IPv4 checksum with pseudo headers  : Disabled  
    Virtual routers (Active:Total)     : 1:1       
    Track interfaces count             : 0         
    Track routes count                 : 0         
    System redundancy state            : Active         
    MAC address mode                   : virtual        
VRRP Global Statistics:
    Packets Received               : 1999      
    Packets Sent                   : 0         
    Invalid Packet Length          : 0         
    Invalid Desitination Address   : 0         
    Invalid IP Protocol            : 0         
    Invalid Virtual Router ID      : 0         
    Incorrect Checksum             : 0         

                 GROUP                              PRIORITY
INTERFACE        ID       TNT STATE      MODE       CONF(CURR)   TYPE     IP Address
---------------- -------- --- ---------- ---------- ------------ -------- -------------------
vni-0/2.0        1        2   Backup     Active     150(150)     Primary  172.16.30.252
                                                                 Virtual  172.16.30.254
vrrp group org NS-RegA
                 GROUP                          PRIORITY
INTERFACE        ID       STATE      MODE       CONF(CURR)   TYPE     IP Address
---------------- -------- ---------- ---------- ------------ -------- -------------------
vni-0/2.0        1        Backup     Active     150(150)     Primary  172.16.30.252
                                                             Virtual  172.16.30.254

Interface: vni-0/2.0, IfIndex: 5, Primary Address: 172.16.30.252
VrId: 1, Previous State: Init, Current State: Backup
Configured priority: 150, Current priority: 150 
Advertisement interval: 1000, Threshold: 3 
Track priority hold interval: 10, Warmup interval: 30
Skew time: 0, Preempt: Enabled, Accept data: Enabled
Org: NS-RegA, Mode: Active
Redundancy slave priority cost: 100
Virtual address count: 1
172.16.30.254

Track interface: Disabled
Track route: Disabled

VRRP Group Stats:
    Became Master                : 0         
    Advertisement Received       : 1999      
    Advertisement Sent           : 0         
    Invalid Checksum             : 0         
    Invalid Version              : 0         
    Invalid Advertise Interval   : 0         
    Invalid TTL                  : 0         
    Invalid Pkts Received        : 0         
    Invalid Virtual IP Addr List : 0         
    IP Count Mismatch            : 0         
    Zero Pri Pkts Received       : 0         
    Zero Pri Pkts Sent           : 0         
    Equal Pri Pkts Received      : 0         
    Lower Pri Pkts Received      : 0         
    Higher Pri Pkts Received     : 1999      
    Owner Pri Error              : 0         
    Invalid State                : 0         
    Inherit Mode Pkts Received   : 0         
    Track Interface Lookup Error : 0         
    Track Route Lookup Error     : 0         

[ok][2019-04-04 01:35:39]
admin@NS-RegA-03b-Smex-cli&gt;</msg>
<msg timestamp="20190404 17:35:13.741" level="INFO">${std_output} =     VRRP version                       : v3        
    IPv4 checksum with pseudo headers  : Disabled  
    Virtual routers (Active:Total)     : 1:1       
    Track interfaces count             : ...</msg>
<status status="PASS" starttime="20190404 17:35:10.735" endtime="20190404 17:35:13.741"></status>
</kw>
<kw name="Should Contain" library="BuiltIn">
<doc>Fails if ``container`` does not contain ``item`` one or more times.</doc>
<arguments>
<arg>${std_output}</arg>
<arg>Backup</arg>
<arg>Active</arg>
<arg>150(150)</arg>
<arg>Primary</arg>
</arguments>
<status status="PASS" starttime="20190404 17:35:13.742" endtime="20190404 17:35:13.742"></status>
</kw>
<status status="PASS" starttime="20190404 17:35:10.627" endtime="20190404 17:35:13.743"></status>
</kw>
<tags>
<tag>Teng</tag>
</tags>
<status status="PASS" starttime="20190404 17:35:06.423" endtime="20190404 17:35:13.743" critical="yes"></status>
</test>
<status status="PASS" starttime="20190404 17:34:58.953" endtime="20190404 17:35:13.744"></status>
</suite>
<statistics>
<total>
<stat pass="2" fail="0">Critical Tests</stat>
<stat pass="2" fail="0">All Tests</stat>
</total>
<tag>
<stat pass="2" fail="0">Teng</stat>
</tag>
<suite>
<stat pass="2" fail="0" id="s1" name="Test Vrrp">Test Vrrp</stat>
</suite>
</statistics>
<errors>
</errors>
</robot>
