<?xml version="1.0" encoding="UTF-8"?>
<robot generator="Robot 3.1.1 (Python 3.6.5 on darwin)" generated="20190405 18:04:06.932" rpa="false">
<suite id="s1" name="Test Telnet Status" source="/Users/tengwenna/tests/status/test_telnet_status.robot">
<test id="s1-t1" name="Telnet">
<kw name="Open Connection" library="Telnet">
<doc>Opens a new Telnet connection to the given host and port.</doc>
<arguments>
<arg>${HOST1}</arg>
<arg>prompt=password</arg>
<arg>alias=conn01</arg>
</arguments>
<msg timestamp="20190405 18:04:06.988" level="INFO">Opening connection to 10.64.32.60:23 with prompt: password</msg>
<status status="PASS" starttime="20190405 18:04:06.987" endtime="20190405 18:04:07.048"></status>
</kw>
<kw name="Write" library="Telnet">
<doc>Writes the given text plus a newline into the connection.</doc>
<arguments>
<arg>${PASSWORD}</arg>
</arguments>
<status status="PASS" starttime="20190405 18:04:07.049" endtime="20190405 18:04:07.106"></status>
</kw>
<kw name="Read Until" library="Telnet">
<doc>Reads output until ``expected`` text is encountered.</doc>
<arguments>
<arg>&gt;</arg>
</arguments>
<msg timestamp="20190405 18:04:07.126" level="INFO">MGMT-RT0 line 2 


User Access Verification

Password: 
MGMT-RT0&gt;</msg>
<status status="PASS" starttime="20190405 18:04:07.106" endtime="20190405 18:04:07.127"></status>
</kw>
<kw name="Write" library="Telnet">
<doc>Writes the given text plus a newline into the connection.</doc>
<arguments>
<arg>enable</arg>
</arguments>
<msg timestamp="20190405 18:04:07.249" level="INFO">enable</msg>
<status status="PASS" starttime="20190405 18:04:07.127" endtime="20190405 18:04:07.249"></status>
</kw>
<kw name="Read Until" library="Telnet">
<doc>Reads output until ``expected`` text is encountered.</doc>
<arguments>
<arg>Password:</arg>
</arguments>
<msg timestamp="20190405 18:04:07.250" level="INFO">Password:</msg>
<status status="PASS" starttime="20190405 18:04:07.249" endtime="20190405 18:04:07.250"></status>
</kw>
<kw name="Write" library="Telnet">
<doc>Writes the given text plus a newline into the connection.</doc>
<arguments>
<arg>${PASSWORD}</arg>
</arguments>
<status status="PASS" starttime="20190405 18:04:07.250" endtime="20190405 18:04:07.633"></status>
</kw>
<kw name="Read Until" library="Telnet">
<doc>Reads output until ``expected`` text is encountered.</doc>
<arguments>
<arg>\#</arg>
</arguments>
<msg timestamp="20190405 18:04:07.634" level="INFO">MGMT-RT0#</msg>
<status status="PASS" starttime="20190405 18:04:07.633" endtime="20190405 18:04:07.634"></status>
</kw>
<kw name="Write" library="Telnet">
<doc>Writes the given text plus a newline into the connection.</doc>
<arguments>
<arg>ter len 0</arg>
</arguments>
<msg timestamp="20190405 18:04:07.717" level="INFO">ter len 0</msg>
<status status="PASS" starttime="20190405 18:04:07.634" endtime="20190405 18:04:07.718"></status>
</kw>
<kw name="Read Until" library="Telnet">
<doc>Reads output until ``expected`` text is encountered.</doc>
<arguments>
<arg>\#</arg>
</arguments>
<msg timestamp="20190405 18:04:07.719" level="INFO">MGMT-RT0#</msg>
<status status="PASS" starttime="20190405 18:04:07.718" endtime="20190405 18:04:07.719"></status>
</kw>
<status status="PASS" starttime="20190405 18:04:06.986" endtime="20190405 18:04:07.719" critical="yes"></status>
</test>
<test id="s1-t2" name="Show ip route">
<kw name="Show ip route">
<doc>Show ip route</doc>
<kw name="Write" library="Telnet">
<doc>Writes the given text plus a newline into the connection.</doc>
<arguments>
<arg>show ip route</arg>
</arguments>
<msg timestamp="20190405 18:04:07.823" level="INFO">show ip route</msg>
<status status="PASS" starttime="20190405 18:04:07.722" endtime="20190405 18:04:07.824"></status>
</kw>
<kw name="Read" library="Telnet">
<doc>Reads everything that is currently available in the output.</doc>
<arguments>
<arg>delay=3s</arg>
</arguments>
<assign>
<var>${std_output}</var>
</assign>
<msg timestamp="20190405 18:04:07.828" level="FAIL">Invalid log level 'delay=3s'.</msg>
<status status="FAIL" starttime="20190405 18:04:07.824" endtime="20190405 18:04:07.828"></status>
</kw>
<status status="FAIL" starttime="20190405 18:04:07.721" endtime="20190405 18:04:07.828"></status>
</kw>
<status status="FAIL" starttime="20190405 18:04:07.720" endtime="20190405 18:04:07.829" critical="yes">Invalid log level 'delay=3s'.</status>
</test>
<status status="FAIL" starttime="20190405 18:04:06.935" endtime="20190405 18:04:07.830"></status>
</suite>
<statistics>
<total>
<stat pass="1" fail="1">Critical Tests</stat>
<stat pass="1" fail="1">All Tests</stat>
</total>
<tag>
</tag>
<suite>
<stat pass="1" fail="1" id="s1" name="Test Telnet Status">Test Telnet Status</stat>
</suite>
</statistics>
<errors>
</errors>
</robot>
